<?xml version="1.0" encoding="UTF-8"?>
<testng-results ignored="0" total="3" passed="3" failed="0" skipped="0">
  <reporter-output>
  </reporter-output>
  <suite started-at="2022-12-02T17:53:09 IST" name="Suite" finished-at="2022-12-02T17:54:19 IST" duration-ms="70185">
    <groups>
    </groups>
    <test started-at="2022-12-02T17:53:09 IST" name="Test" finished-at="2022-12-02T17:54:19 IST" duration-ms="70185">
      <class name="Scripts.Testcase1">
        <test-method is-config="true" signature="openApp()[pri:0, instance:Scripts.Testcase1@37654521]" started-at="2022-12-02T17:53:09 IST" name="openApp" finished-at="2022-12-02T17:53:19 IST" duration-ms="9812" status="PASS">
          <reporter-output>
          </reporter-output>
        </test-method> <!-- openApp -->
        <test-method signature="tc1()[pri:0, instance:Scripts.Testcase1@37654521]" started-at="2022-12-02T17:53:19 IST" name="tc1" finished-at="2022-12-02T17:53:26 IST" duration-ms="7002" status="PASS">
          <reporter-output>
          </reporter-output>
        </test-method> <!-- tc1 -->
        <test-method is-config="true" signature="closeApp()[pri:0, instance:Scripts.Testcase1@37654521]" started-at="2022-12-02T17:53:26 IST" name="closeApp" finished-at="2022-12-02T17:53:26 IST" duration-ms="741" status="PASS">
          <reporter-output>
          </reporter-output>
        </test-method> <!-- closeApp -->
      </class> <!-- Scripts.Testcase1 -->
      <class name="Scripts.Testcase2">
        <test-method is-config="true" signature="openApp()[pri:0, instance:Scripts.Testcase2@7205765b]" started-at="2022-12-02T17:53:27 IST" name="openApp" finished-at="2022-12-02T17:53:33 IST" duration-ms="6033" status="PASS">
          <reporter-output>
          </reporter-output>
        </test-method> <!-- openApp -->
        <test-method signature="tc2()[pri:0, instance:Scripts.Testcase2@7205765b]" started-at="2022-12-02T17:53:33 IST" name="tc2" finished-at="2022-12-02T17:53:56 IST" duration-ms="23146" status="PASS">
          <reporter-output>
          </reporter-output>
        </test-method> <!-- tc2 -->
        <test-method is-config="true" signature="closeApp()[pri:0, instance:Scripts.Testcase2@7205765b]" started-at="2022-12-02T17:53:56 IST" name="closeApp" finished-at="2022-12-02T17:53:56 IST" duration-ms="786" status="PASS">
          <reporter-output>
          </reporter-output>
        </test-method> <!-- closeApp -->
      </class> <!-- Scripts.Testcase2 -->
      <class name="Scripts.Testcase3">
        <test-method is-config="true" signature="openApp()[pri:0, instance:Scripts.Testcase3@47987356]" started-at="2022-12-02T17:53:56 IST" name="openApp" finished-at="2022-12-02T17:54:02 IST" duration-ms="5462" status="PASS">
          <reporter-output>
          </reporter-output>
        </test-method> <!-- openApp -->
        <test-method signature="tc3()[pri:0, instance:Scripts.Testcase3@47987356]" started-at="2022-12-02T17:54:02 IST" name="tc3" finished-at="2022-12-02T17:54:18 IST" duration-ms="16352" status="PASS">
          <reporter-output>
          </reporter-output>
        </test-method> <!-- tc3 -->
        <test-method is-config="true" signature="closeApp()[pri:0, instance:Scripts.Testcase3@47987356]" started-at="2022-12-02T17:54:18 IST" name="closeApp" finished-at="2022-12-02T17:54:19 IST" duration-ms="784" status="PASS">
          <reporter-output>
          </reporter-output>
        </test-method> <!-- closeApp -->
      </class> <!-- Scripts.Testcase3 -->
    </test> <!-- Test -->
  </suite> <!-- Suite -->
</testng-results>
